running egg_info
creating ../../build/ros_serial/ros_serial.egg-info
writing ../../build/ros_serial/ros_serial.egg-info/PKG-INFO
writing dependency_links to ../../build/ros_serial/ros_serial.egg-info/dependency_links.txt
writing requirements to ../../build/ros_serial/ros_serial.egg-info/requires.txt
writing top-level names to ../../build/ros_serial/ros_serial.egg-info/top_level.txt
writing manifest file '../../build/ros_serial/ros_serial.egg-info/SOURCES.txt'
reading manifest file '../../build/ros_serial/ros_serial.egg-info/SOURCES.txt'
writing manifest file '../../build/ros_serial/ros_serial.egg-info/SOURCES.txt'
running build
running build_py
creating /home/yamashita/serial_ws/build/ros_serial/build
creating /home/yamashita/serial_ws/build/ros_serial/build/lib
creating /home/yamashita/serial_ws/build/ros_serial/build/lib/ros_serial
copying ros_serial/serial.py -> /home/yamashita/serial_ws/build/ros_serial/build/lib/ros_serial
copying ros_serial/__init__.py -> /home/yamashita/serial_ws/build/ros_serial/build/lib/ros_serial
running install
/home/yamashita/.local/lib/python3.10/site-packages/setuptools/_distutils/cmd.py:66: SetuptoolsDeprecationWarning: setup.py install is deprecated.
!!

        ********************************************************************************
        Please avoid running ``setup.py`` directly.
        Instead, use pypa/build, pypa/installer or other
        standards-based tools.

        See https://blog.ganssle.io/articles/2021/10/setup-py-deprecated.html for details.
        ********************************************************************************

!!
  self.initialize_options()
running install_lib
creating /home/yamashita/serial_ws/install/ros_serial/lib/python3.10/site-packages/ros_serial
copying /home/yamashita/serial_ws/build/ros_serial/build/lib/ros_serial/serial.py -> /home/yamashita/serial_ws/install/ros_serial/lib/python3.10/site-packages/ros_serial
copying /home/yamashita/serial_ws/build/ros_serial/build/lib/ros_serial/__init__.py -> /home/yamashita/serial_ws/install/ros_serial/lib/python3.10/site-packages/ros_serial
byte-compiling /home/yamashita/serial_ws/install/ros_serial/lib/python3.10/site-packages/ros_serial/serial.py to serial.cpython-310.pyc
byte-compiling /home/yamashita/serial_ws/install/ros_serial/lib/python3.10/site-packages/ros_serial/__init__.py to __init__.cpython-310.pyc
running install_data
creating /home/yamashita/serial_ws/install/ros_serial/share/ament_index
creating /home/yamashita/serial_ws/install/ros_serial/share/ament_index/resource_index
creating /home/yamashita/serial_ws/install/ros_serial/share/ament_index/resource_index/packages
copying resource/ros_serial -> /home/yamashita/serial_ws/install/ros_serial/share/ament_index/resource_index/packages
copying package.xml -> /home/yamashita/serial_ws/install/ros_serial/share/ros_serial
running install_egg_info
Copying ../../build/ros_serial/ros_serial.egg-info to /home/yamashita/serial_ws/install/ros_serial/lib/python3.10/site-packages/ros_serial-0.0.0-py3.10.egg-info
running install_scripts
writing list of installed files to '/home/yamashita/serial_ws/build/ros_serial/install.log'
