[12.257s] DEBUG:colcon:Command line arguments: ['/usr/bin/colcon', 'build']
[12.258s] DEBUG:colcon:Parsed command line arguments: Namespace(log_base=None, log_level=None, verb_name='build', build_base='build', install_base='install', merge_install=False, symlink_install=False, test_result_base=None, continue_on_error=False, executor='parallel', parallel_workers=4, event_handlers=None, ignore_user_meta=False, metas=['./colcon.meta'], base_paths=['.'], packages_ignore=None, packages_ignore_regex=None, paths=None, packages_up_to=None, packages_up_to_regex=None, packages_above=None, packages_above_and_dependencies=None, packages_above_depth=None, packages_select_by_dep=None, packages_skip_by_dep=None, packages_skip_up_to=None, packages_select_build_failed=False, packages_skip_build_finished=False, packages_select_test_failures=False, packages_skip_test_passed=False, packages_select=None, packages_skip=None, packages_select_regex=None, packages_skip_regex=None, packages_start=None, packages_end=None, allow_overriding=[], cmake_args=None, cmake_target=None, cmake_target_skip_unavailable=False, cmake_clean_cache=False, cmake_clean_first=False, cmake_force_configure=False, ament_cmake_args=None, catkin_cmake_args=None, catkin_skip_building_tests=False, verb_parser=<colcon_defaults.argument_parser.defaults.DefaultArgumentsDecorator object at 0xffff7e3fd2a0>, verb_extension=<colcon_core.verb.build.BuildVerb object at 0xffff7e97b790>, main=<bound method BuildVerb.main of <colcon_core.verb.build.BuildVerb object at 0xffff7e97b790>>)
[12.896s] Level 1:colcon.colcon_core.package_discovery:discover_packages(colcon_meta) check parameters
[12.897s] Level 1:colcon.colcon_core.package_discovery:discover_packages(recursive) check parameters
[12.897s] Level 1:colcon.colcon_core.package_discovery:discover_packages(ignore) check parameters
[12.897s] Level 1:colcon.colcon_core.package_discovery:discover_packages(path) check parameters
[12.897s] Level 1:colcon.colcon_core.package_discovery:discover_packages(colcon_meta) discover
[12.898s] Level 1:colcon.colcon_core.package_discovery:discover_packages(recursive) discover
[12.898s] INFO:colcon.colcon_core.package_discovery:Crawling recursively for packages in '/home/yamashita/serial_ws'
[12.899s] Level 1:colcon.colcon_core.package_identification:_identify(.) by extensions ['ignore', 'ignore_ament_install']
[12.900s] Level 1:colcon.colcon_core.package_identification:_identify(.) by extension 'ignore'
[12.901s] Level 1:colcon.colcon_core.package_identification:_identify(.) by extension 'ignore_ament_install'
[12.901s] Level 1:colcon.colcon_core.package_identification:_identify(.) by extensions ['colcon_pkg']
[12.902s] Level 1:colcon.colcon_core.package_identification:_identify(.) by extension 'colcon_pkg'
[12.902s] Level 1:colcon.colcon_core.package_identification:_identify(.) by extensions ['colcon_meta']
[12.902s] Level 1:colcon.colcon_core.package_identification:_identify(.) by extension 'colcon_meta'
[12.903s] Level 1:colcon.colcon_core.package_identification:_identify(.) by extensions ['ros']
[12.903s] Level 1:colcon.colcon_core.package_identification:_identify(.) by extension 'ros'
[13.036s] Level 1:colcon.colcon_core.package_identification:_identify(.) by extensions ['cmake', 'python']
[13.037s] Level 1:colcon.colcon_core.package_identification:_identify(.) by extension 'cmake'
[13.037s] Level 1:colcon.colcon_core.package_identification:_identify(.) by extension 'python'
[13.037s] Level 1:colcon.colcon_core.package_identification:_identify(.) by extensions ['python_setup_py']
[13.038s] Level 1:colcon.colcon_core.package_identification:_identify(.) by extension 'python_setup_py'
[13.039s] Level 1:colcon.colcon_core.package_identification:_identify(build) by extensions ['ignore', 'ignore_ament_install']
[13.040s] Level 1:colcon.colcon_core.package_identification:_identify(build) by extension 'ignore'
[13.041s] Level 1:colcon.colcon_core.package_identification:_identify(build) ignored
[13.042s] Level 1:colcon.colcon_core.package_identification:_identify(install) by extensions ['ignore', 'ignore_ament_install']
[13.043s] Level 1:colcon.colcon_core.package_identification:_identify(install) by extension 'ignore'
[13.043s] Level 1:colcon.colcon_core.package_identification:_identify(install) ignored
[13.044s] Level 1:colcon.colcon_core.package_identification:_identify(log) by extensions ['ignore', 'ignore_ament_install']
[13.045s] Level 1:colcon.colcon_core.package_identification:_identify(log) by extension 'ignore'
[13.046s] Level 1:colcon.colcon_core.package_identification:_identify(log) ignored
[13.046s] Level 1:colcon.colcon_core.package_identification:_identify(src) by extensions ['ignore', 'ignore_ament_install']
[13.047s] Level 1:colcon.colcon_core.package_identification:_identify(src) by extension 'ignore'
[13.048s] Level 1:colcon.colcon_core.package_identification:_identify(src) by extension 'ignore_ament_install'
[13.048s] Level 1:colcon.colcon_core.package_identification:_identify(src) by extensions ['colcon_pkg']
[13.049s] Level 1:colcon.colcon_core.package_identification:_identify(src) by extension 'colcon_pkg'
[13.049s] Level 1:colcon.colcon_core.package_identification:_identify(src) by extensions ['colcon_meta']
[13.049s] Level 1:colcon.colcon_core.package_identification:_identify(src) by extension 'colcon_meta'
[13.050s] Level 1:colcon.colcon_core.package_identification:_identify(src) by extensions ['ros']
[13.050s] Level 1:colcon.colcon_core.package_identification:_identify(src) by extension 'ros'
[13.051s] Level 1:colcon.colcon_core.package_identification:_identify(src) by extensions ['cmake', 'python']
[13.051s] Level 1:colcon.colcon_core.package_identification:_identify(src) by extension 'cmake'
[13.052s] Level 1:colcon.colcon_core.package_identification:_identify(src) by extension 'python'
[13.052s] Level 1:colcon.colcon_core.package_identification:_identify(src) by extensions ['python_setup_py']
[13.053s] Level 1:colcon.colcon_core.package_identification:_identify(src) by extension 'python_setup_py'
[13.054s] Level 1:colcon.colcon_core.package_identification:_identify(src/ros_serial) by extensions ['ignore', 'ignore_ament_install']
[13.055s] Level 1:colcon.colcon_core.package_identification:_identify(src/ros_serial) by extension 'ignore'
[13.055s] Level 1:colcon.colcon_core.package_identification:_identify(src/ros_serial) by extension 'ignore_ament_install'
[13.056s] Level 1:colcon.colcon_core.package_identification:_identify(src/ros_serial) by extensions ['colcon_pkg']
[13.056s] Level 1:colcon.colcon_core.package_identification:_identify(src/ros_serial) by extension 'colcon_pkg'
[13.057s] Level 1:colcon.colcon_core.package_identification:_identify(src/ros_serial) by extensions ['colcon_meta']
[13.057s] Level 1:colcon.colcon_core.package_identification:_identify(src/ros_serial) by extension 'colcon_meta'
[13.057s] Level 1:colcon.colcon_core.package_identification:_identify(src/ros_serial) by extensions ['ros']
[13.058s] Level 1:colcon.colcon_core.package_identification:_identify(src/ros_serial) by extension 'ros'
[13.076s] DEBUG:colcon.colcon_core.package_identification:Package 'src/ros_serial' with type 'ros.ament_python' and name 'ros_serial'
[13.076s] Level 1:colcon.colcon_core.package_discovery:discover_packages(recursive) using defaults
[13.077s] Level 1:colcon.colcon_core.package_discovery:discover_packages(ignore) discover
[13.077s] Level 1:colcon.colcon_core.package_discovery:discover_packages(ignore) using defaults
[13.077s] Level 1:colcon.colcon_core.package_discovery:discover_packages(path) discover
[13.078s] Level 1:colcon.colcon_core.package_discovery:discover_packages(path) using defaults
[14.158s] Level 1:colcon.colcon_core.package_discovery:discover_packages(prefix_path) check parameters
[14.158s] Level 1:colcon.colcon_core.package_discovery:discover_packages(prefix_path) discover
[14.543s] DEBUG:colcon.colcon_installed_package_information.package_discovery:Found 2 installed packages in /home/yamashita/ros2_ws/install
[14.738s] DEBUG:colcon.colcon_installed_package_information.package_discovery:Found 290 installed packages in /opt/ros/humble
[14.752s] Level 1:colcon.colcon_core.package_discovery:discover_packages(prefix_path) using defaults
[15.681s] Level 5:colcon.colcon_core.verb:set package 'ros_serial' build argument 'cmake_args' from command line to 'None'
[15.681s] Level 5:colcon.colcon_core.verb:set package 'ros_serial' build argument 'cmake_target' from command line to 'None'
[15.682s] Level 5:colcon.colcon_core.verb:set package 'ros_serial' build argument 'cmake_target_skip_unavailable' from command line to 'False'
[15.682s] Level 5:colcon.colcon_core.verb:set package 'ros_serial' build argument 'cmake_clean_cache' from command line to 'False'
[15.682s] Level 5:colcon.colcon_core.verb:set package 'ros_serial' build argument 'cmake_clean_first' from command line to 'False'
[15.682s] Level 5:colcon.colcon_core.verb:set package 'ros_serial' build argument 'cmake_force_configure' from command line to 'False'
[15.682s] Level 5:colcon.colcon_core.verb:set package 'ros_serial' build argument 'ament_cmake_args' from command line to 'None'
[15.683s] Level 5:colcon.colcon_core.verb:set package 'ros_serial' build argument 'catkin_cmake_args' from command line to 'None'
[15.683s] Level 5:colcon.colcon_core.verb:set package 'ros_serial' build argument 'catkin_skip_building_tests' from command line to 'False'
[15.683s] DEBUG:colcon.colcon_core.verb:Building package 'ros_serial' with the following arguments: {'ament_cmake_args': None, 'build_base': '/home/yamashita/serial_ws/build/ros_serial', 'catkin_cmake_args': None, 'catkin_skip_building_tests': False, 'cmake_args': None, 'cmake_clean_cache': False, 'cmake_clean_first': False, 'cmake_force_configure': False, 'cmake_target': None, 'cmake_target_skip_unavailable': False, 'install_base': '/home/yamashita/serial_ws/install/ros_serial', 'merge_install': False, 'path': '/home/yamashita/serial_ws/src/ros_serial', 'symlink_install': False, 'test_result_base': None}
[15.860s] INFO:colcon.colcon_core.executor:Executing jobs using 'parallel' executor
[16.041s] DEBUG:colcon.colcon_parallel_executor.executor.parallel:run_until_complete
[16.043s] INFO:colcon.colcon_ros.task.ament_python.build:Building ROS package in '/home/yamashita/serial_ws/src/ros_serial' with build type 'ament_python'
[16.044s] Level 1:colcon.colcon_core.shell:create_environment_hook('ros_serial', 'ament_prefix_path')
[16.366s] INFO:colcon.colcon_core.plugin_system:Skipping extension 'colcon_core.shell.bat': Not used on non-Windows systems
[16.368s] INFO:colcon.colcon_core.shell:Creating environment hook '/home/yamashita/serial_ws/install/ros_serial/share/ros_serial/hook/ament_prefix_path.ps1'
[16.374s] INFO:colcon.colcon_core.shell:Creating environment descriptor '/home/yamashita/serial_ws/install/ros_serial/share/ros_serial/hook/ament_prefix_path.dsv'
[16.378s] INFO:colcon.colcon_core.shell:Creating environment hook '/home/yamashita/serial_ws/install/ros_serial/share/ros_serial/hook/ament_prefix_path.sh'
[16.739s] INFO:colcon.colcon_core.shell:Skip shell extension 'powershell' for command environment: Not usable outside of PowerShell
[16.739s] DEBUG:colcon.colcon_core.shell:Skip shell extension 'dsv' for command environment
[20.173s] INFO:colcon.colcon_core.task.python.build:Building Python package in '/home/yamashita/serial_ws/src/ros_serial'
[20.425s] INFO:colcon.colcon_core.shell:Skip shell extension 'powershell' for command environment: Not usable outside of PowerShell
[20.426s] DEBUG:colcon.colcon_core.shell:Skip shell extension 'dsv' for command environment
[29.051s] DEBUG:colcon.colcon_core.event_handler.log_command:Invoking command in '/home/yamashita/serial_ws/src/ros_serial': PYTHONPATH=/home/yamashita/serial_ws/build/ros_serial/prefix_override:/home/yamashita/serial_ws/install/ros_serial/lib/python3.10/site-packages:${PYTHONPATH} /usr/bin/python3 setup.py egg_info --egg-base ../../build/ros_serial build --build-base /home/yamashita/serial_ws/build/ros_serial/build install --record /home/yamashita/serial_ws/build/ros_serial/install.log --single-version-externally-managed
[36.367s] DEBUG:colcon.colcon_core.event_handler.log_command:Invoked command in '/home/yamashita/serial_ws/src/ros_serial' returned '0': PYTHONPATH=/home/yamashita/serial_ws/build/ros_serial/prefix_override:/home/yamashita/serial_ws/install/ros_serial/lib/python3.10/site-packages:${PYTHONPATH} /usr/bin/python3 setup.py egg_info --egg-base ../../build/ros_serial build --build-base /home/yamashita/serial_ws/build/ros_serial/build install --record /home/yamashita/serial_ws/build/ros_serial/install.log --single-version-externally-managed
[36.654s] Level 1:colcon.colcon_core.environment:checking '/home/yamashita/serial_ws/install/ros_serial' for CMake module files
[36.659s] Level 1:colcon.colcon_core.environment:checking '/home/yamashita/serial_ws/install/ros_serial' for CMake config files
[36.668s] Level 1:colcon.colcon_core.environment:checking '/home/yamashita/serial_ws/install/ros_serial/lib'
[36.669s] Level 1:colcon.colcon_core.environment:checking '/home/yamashita/serial_ws/install/ros_serial/bin'
[36.670s] Level 1:colcon.colcon_core.environment:checking '/home/yamashita/serial_ws/install/ros_serial/lib/pkgconfig/ros_serial.pc'
[36.673s] Level 1:colcon.colcon_core.environment:checking '/home/yamashita/serial_ws/install/ros_serial/lib/python3.10/site-packages'
[36.673s] Level 1:colcon.colcon_core.shell:create_environment_hook('ros_serial', 'pythonpath')
[36.919s] INFO:colcon.colcon_core.shell:Creating environment hook '/home/yamashita/serial_ws/install/ros_serial/share/ros_serial/hook/pythonpath.ps1'
[36.924s] INFO:colcon.colcon_core.shell:Creating environment descriptor '/home/yamashita/serial_ws/install/ros_serial/share/ros_serial/hook/pythonpath.dsv'
[36.928s] INFO:colcon.colcon_core.shell:Creating environment hook '/home/yamashita/serial_ws/install/ros_serial/share/ros_serial/hook/pythonpath.sh'
[36.934s] Level 1:colcon.colcon_core.environment:checking '/home/yamashita/serial_ws/install/ros_serial/bin'
[36.935s] Level 1:colcon.colcon_core.environment:create_environment_scripts_only(ros_serial)
[37.178s] INFO:colcon.colcon_core.shell:Creating package script '/home/yamashita/serial_ws/install/ros_serial/share/ros_serial/package.ps1'
[37.186s] INFO:colcon.colcon_core.shell:Creating package descriptor '/home/yamashita/serial_ws/install/ros_serial/share/ros_serial/package.dsv'
[37.192s] INFO:colcon.colcon_core.shell:Creating package script '/home/yamashita/serial_ws/install/ros_serial/share/ros_serial/package.sh'
[37.199s] INFO:colcon.colcon_core.shell:Creating package script '/home/yamashita/serial_ws/install/ros_serial/share/ros_serial/package.bash'
[37.207s] INFO:colcon.colcon_core.shell:Creating package script '/home/yamashita/serial_ws/install/ros_serial/share/ros_serial/package.zsh'
[37.215s] Level 1:colcon.colcon_core.environment:create_file_with_runtime_dependencies(/home/yamashita/serial_ws/install/ros_serial/share/colcon-core/packages/ros_serial)
[37.221s] DEBUG:colcon.colcon_parallel_executor.executor.parallel:closing loop
[37.225s] DEBUG:colcon.colcon_parallel_executor.executor.parallel:loop closed
[37.227s] DEBUG:colcon.colcon_parallel_executor.executor.parallel:run_until_complete finished with '0'
[37.229s] DEBUG:colcon.colcon_core.event_reactor:joining thread
[37.510s] INFO:colcon.colcon_core.plugin_system:Skipping extension 'colcon_notification.desktop_notification.terminal_notifier': Not used on non-Darwin systems
[37.511s] INFO:colcon.colcon_core.plugin_system:Skipping extension 'colcon_notification.desktop_notification.win32': Not used on non-Windows systems
[37.511s] INFO:colcon.colcon_notification.desktop_notification:Sending desktop notification using 'notify2'
[37.547s] DEBUG:colcon.colcon_core.event_reactor:joined thread
[37.877s] INFO:colcon.colcon_core.shell:Creating prefix script '/home/yamashita/serial_ws/install/local_setup.ps1'
[37.898s] INFO:colcon.colcon_core.shell:Creating prefix util module '/home/yamashita/serial_ws/install/_local_setup_util_ps1.py'
[37.912s] INFO:colcon.colcon_core.shell:Creating prefix chain script '/home/yamashita/serial_ws/install/setup.ps1'
[38.102s] INFO:colcon.colcon_core.shell:Creating prefix script '/home/yamashita/serial_ws/install/local_setup.sh'
[38.108s] INFO:colcon.colcon_core.shell:Creating prefix util module '/home/yamashita/serial_ws/install/_local_setup_util_sh.py'
[38.113s] INFO:colcon.colcon_core.shell:Creating prefix chain script '/home/yamashita/serial_ws/install/setup.sh'
[38.300s] INFO:colcon.colcon_core.shell:Creating prefix script '/home/yamashita/serial_ws/install/local_setup.bash'
[38.306s] INFO:colcon.colcon_core.shell:Creating prefix chain script '/home/yamashita/serial_ws/install/setup.bash'
[38.504s] INFO:colcon.colcon_core.shell:Creating prefix script '/home/yamashita/serial_ws/install/local_setup.zsh'
[38.509s] INFO:colcon.colcon_core.shell:Creating prefix chain script '/home/yamashita/serial_ws/install/setup.zsh'
