[13.711s] Invoking command in '/home/yamashita/serial_ws/src/ros_serial': PYTHONPATH=/home/yamashita/serial_ws/build/ros_serial/prefix_override:/home/yamashita/serial_ws/install/ros_serial/lib/python3.10/site-packages:${PYTHONPATH} /usr/bin/python3 setup.py egg_info --egg-base ../../build/ros_serial build --build-base /home/yamashita/serial_ws/build/ros_serial/build install --record /home/yamashita/serial_ws/build/ros_serial/install.log --single-version-externally-managed
[16.812s] running egg_info
[17.062s] writing ../../build/ros_serial/ros_serial.egg-info/PKG-INFO
[17.067s] writing dependency_links to ../../build/ros_serial/ros_serial.egg-info/dependency_links.txt
[17.070s] writing entry points to ../../build/ros_serial/ros_serial.egg-info/entry_points.txt
[17.072s] writing requirements to ../../build/ros_serial/ros_serial.egg-info/requires.txt
[17.075s] writing top-level names to ../../build/ros_serial/ros_serial.egg-info/top_level.txt
[17.588s] reading manifest file '../../build/ros_serial/ros_serial.egg-info/SOURCES.txt'
[17.597s] writing manifest file '../../build/ros_serial/ros_serial.egg-info/SOURCES.txt'
[17.599s] running build
[17.601s] running build_py
[17.602s] copying ros_serial/serial.py -> /home/yamashita/serial_ws/build/ros_serial/build/lib/ros_serial
[17.606s] copying ros_serial/__init__.py -> /home/yamashita/serial_ws/build/ros_serial/build/lib/ros_serial
[17.611s] running install
[17.614s] /home/yamashita/.local/lib/python3.10/site-packages/setuptools/_distutils/cmd.py:66: SetuptoolsDeprecationWarning: setup.py install is deprecated.
[17.615s] !!
[17.619s] 
[17.622s]         ********************************************************************************
[17.623s]         Please avoid running ``setup.py`` directly.
[17.626s]         Instead, use pypa/build, pypa/installer or other
[17.628s]         standards-based tools.
[17.632s] 
[17.634s]         See https://blog.ganssle.io/articles/2021/10/setup-py-deprecated.html for details.
[17.635s]         ********************************************************************************
[17.636s] 
[17.637s] !!
[17.638s]   self.initialize_options()
[17.684s] running install_lib
[17.952s] copying /home/yamashita/serial_ws/build/ros_serial/build/lib/ros_serial/serial.py -> /home/yamashita/serial_ws/install/ros_serial/lib/python3.10/site-packages/ros_serial
[17.962s] byte-compiling /home/yamashita/serial_ws/install/ros_serial/lib/python3.10/site-packages/ros_serial/serial.py to serial.cpython-310.pyc
[17.967s] running install_data
[18.207s] copying resource/ros_serial -> /home/yamashita/serial_ws/install/ros_serial/share/ament_index/resource_index/packages
[18.211s] copying package.xml -> /home/yamashita/serial_ws/install/ros_serial/share/ros_serial
[18.214s] running install_egg_info
[18.487s] removing '/home/yamashita/serial_ws/install/ros_serial/lib/python3.10/site-packages/ros_serial-0.0.0-py3.10.egg-info' (and everything under it)
[18.491s] Copying ../../build/ros_serial/ros_serial.egg-info to /home/yamashita/serial_ws/install/ros_serial/lib/python3.10/site-packages/ros_serial-0.0.0-py3.10.egg-info
[18.503s] running install_scripts
[20.897s] Installing talker script to /home/yamashita/serial_ws/install/ros_serial/lib/ros_serial
[20.901s] writing list of installed files to '/home/yamashita/serial_ws/build/ros_serial/install.log'
[21.274s] Invoked command in '/home/yamashita/serial_ws/src/ros_serial' returned '0': PYTHONPATH=/home/yamashita/serial_ws/build/ros_serial/prefix_override:/home/yamashita/serial_ws/install/ros_serial/lib/python3.10/site-packages:${PYTHONPATH} /usr/bin/python3 setup.py egg_info --egg-base ../../build/ros_serial build --build-base /home/yamashita/serial_ws/build/ros_serial/build install --record /home/yamashita/serial_ws/build/ros_serial/install.log --single-version-externally-managed
