[12.834s] DEBUG:colcon:Command line arguments: ['/usr/bin/colcon', 'build']
[12.834s] DEBUG:colcon:Parsed command line arguments: Namespace(log_base=None, log_level=None, verb_name='build', build_base='build', install_base='install', merge_install=False, symlink_install=False, test_result_base=None, continue_on_error=False, executor='parallel', parallel_workers=4, event_handlers=None, ignore_user_meta=False, metas=['./colcon.meta'], base_paths=['.'], packages_ignore=None, packages_ignore_regex=None, paths=None, packages_up_to=None, packages_up_to_regex=None, packages_above=None, packages_above_and_dependencies=None, packages_above_depth=None, packages_select_by_dep=None, packages_skip_by_dep=None, packages_skip_up_to=None, packages_select_build_failed=False, packages_skip_build_finished=False, packages_select_test_failures=False, packages_skip_test_passed=False, packages_select=None, packages_skip=None, packages_select_regex=None, packages_skip_regex=None, packages_start=None, packages_end=None, allow_overriding=[], cmake_args=None, cmake_target=None, cmake_target_skip_unavailable=False, cmake_clean_cache=False, cmake_clean_first=False, cmake_force_configure=False, ament_cmake_args=None, catkin_cmake_args=None, catkin_skip_building_tests=False, verb_parser=<colcon_defaults.argument_parser.defaults.DefaultArgumentsDecorator object at 0xffff8493d390>, verb_extension=<colcon_core.verb.build.BuildVerb object at 0xffff84ebb790>, main=<bound method BuildVerb.main of <colcon_core.verb.build.BuildVerb object at 0xffff84ebb790>>)
[13.497s] Level 1:colcon.colcon_core.package_discovery:discover_packages(colcon_meta) check parameters
[13.498s] Level 1:colcon.colcon_core.package_discovery:discover_packages(recursive) check parameters
[13.498s] Level 1:colcon.colcon_core.package_discovery:discover_packages(ignore) check parameters
[13.499s] Level 1:colcon.colcon_core.package_discovery:discover_packages(path) check parameters
[13.499s] Level 1:colcon.colcon_core.package_discovery:discover_packages(colcon_meta) discover
[13.499s] Level 1:colcon.colcon_core.package_discovery:discover_packages(recursive) discover
[13.500s] INFO:colcon.colcon_core.package_discovery:Crawling recursively for packages in '/home/yamashita/serial_ws'
[13.501s] Level 1:colcon.colcon_core.package_identification:_identify(.) by extensions ['ignore', 'ignore_ament_install']
[13.502s] Level 1:colcon.colcon_core.package_identification:_identify(.) by extension 'ignore'
[13.502s] Level 1:colcon.colcon_core.package_identification:_identify(.) by extension 'ignore_ament_install'
[13.503s] Level 1:colcon.colcon_core.package_identification:_identify(.) by extensions ['colcon_pkg']
[13.503s] Level 1:colcon.colcon_core.package_identification:_identify(.) by extension 'colcon_pkg'
[13.504s] Level 1:colcon.colcon_core.package_identification:_identify(.) by extensions ['colcon_meta']
[13.504s] Level 1:colcon.colcon_core.package_identification:_identify(.) by extension 'colcon_meta'
[13.504s] Level 1:colcon.colcon_core.package_identification:_identify(.) by extensions ['ros']
[13.504s] Level 1:colcon.colcon_core.package_identification:_identify(.) by extension 'ros'
[13.665s] Level 1:colcon.colcon_core.package_identification:_identify(.) by extensions ['cmake', 'python']
[13.666s] Level 1:colcon.colcon_core.package_identification:_identify(.) by extension 'cmake'
[13.667s] Level 1:colcon.colcon_core.package_identification:_identify(.) by extension 'python'
[13.667s] Level 1:colcon.colcon_core.package_identification:_identify(.) by extensions ['python_setup_py']
[13.667s] Level 1:colcon.colcon_core.package_identification:_identify(.) by extension 'python_setup_py'
[13.669s] Level 1:colcon.colcon_core.package_identification:_identify(build) by extensions ['ignore', 'ignore_ament_install']
[13.669s] Level 1:colcon.colcon_core.package_identification:_identify(build) by extension 'ignore'
[13.670s] Level 1:colcon.colcon_core.package_identification:_identify(build) ignored
[13.671s] Level 1:colcon.colcon_core.package_identification:_identify(install) by extensions ['ignore', 'ignore_ament_install']
[13.672s] Level 1:colcon.colcon_core.package_identification:_identify(install) by extension 'ignore'
[13.673s] Level 1:colcon.colcon_core.package_identification:_identify(install) ignored
[13.674s] Level 1:colcon.colcon_core.package_identification:_identify(log) by extensions ['ignore', 'ignore_ament_install']
[13.675s] Level 1:colcon.colcon_core.package_identification:_identify(log) by extension 'ignore'
[13.676s] Level 1:colcon.colcon_core.package_identification:_identify(log) ignored
[13.677s] Level 1:colcon.colcon_core.package_identification:_identify(src) by extensions ['ignore', 'ignore_ament_install']
[13.677s] Level 1:colcon.colcon_core.package_identification:_identify(src) by extension 'ignore'
[13.678s] Level 1:colcon.colcon_core.package_identification:_identify(src) by extension 'ignore_ament_install'
[13.679s] Level 1:colcon.colcon_core.package_identification:_identify(src) by extensions ['colcon_pkg']
[13.679s] Level 1:colcon.colcon_core.package_identification:_identify(src) by extension 'colcon_pkg'
[13.680s] Level 1:colcon.colcon_core.package_identification:_identify(src) by extensions ['colcon_meta']
[13.680s] Level 1:colcon.colcon_core.package_identification:_identify(src) by extension 'colcon_meta'
[13.680s] Level 1:colcon.colcon_core.package_identification:_identify(src) by extensions ['ros']
[13.681s] Level 1:colcon.colcon_core.package_identification:_identify(src) by extension 'ros'
[13.681s] Level 1:colcon.colcon_core.package_identification:_identify(src) by extensions ['cmake', 'python']
[13.682s] Level 1:colcon.colcon_core.package_identification:_identify(src) by extension 'cmake'
[13.682s] Level 1:colcon.colcon_core.package_identification:_identify(src) by extension 'python'
[13.683s] Level 1:colcon.colcon_core.package_identification:_identify(src) by extensions ['python_setup_py']
[13.683s] Level 1:colcon.colcon_core.package_identification:_identify(src) by extension 'python_setup_py'
[13.684s] Level 1:colcon.colcon_core.package_discovery:discover_packages(recursive) using defaults
[13.684s] Level 1:colcon.colcon_core.package_discovery:discover_packages(ignore) discover
[13.684s] Level 1:colcon.colcon_core.package_discovery:discover_packages(ignore) using defaults
[13.685s] Level 1:colcon.colcon_core.package_discovery:discover_packages(path) discover
[13.685s] Level 1:colcon.colcon_core.package_discovery:discover_packages(path) using defaults
[14.943s] Level 1:colcon.colcon_core.package_discovery:discover_packages(prefix_path) check parameters
[14.944s] Level 1:colcon.colcon_core.package_discovery:discover_packages(prefix_path) discover
[15.336s] DEBUG:colcon.colcon_installed_package_information.package_discovery:Found 2 installed packages in /home/yamashita/ros2_ws/install
[15.530s] DEBUG:colcon.colcon_installed_package_information.package_discovery:Found 290 installed packages in /opt/ros/humble
[15.545s] Level 1:colcon.colcon_core.package_discovery:discover_packages(prefix_path) using defaults
[16.475s] INFO:colcon.colcon_core.executor:Executing jobs using 'parallel' executor
[16.657s] DEBUG:colcon.colcon_parallel_executor.executor.parallel:run_until_complete
[16.658s] DEBUG:colcon.colcon_parallel_executor.executor.parallel:closing loop
[16.660s] DEBUG:colcon.colcon_parallel_executor.executor.parallel:loop closed
[16.661s] DEBUG:colcon.colcon_parallel_executor.executor.parallel:run_until_complete finished with '0'
[16.661s] DEBUG:colcon.colcon_core.event_reactor:joining thread
[16.930s] INFO:colcon.colcon_core.plugin_system:Skipping extension 'colcon_notification.desktop_notification.terminal_notifier': Not used on non-Darwin systems
[16.930s] INFO:colcon.colcon_core.plugin_system:Skipping extension 'colcon_notification.desktop_notification.win32': Not used on non-Windows systems
[16.931s] INFO:colcon.colcon_notification.desktop_notification:Sending desktop notification using 'notify2'
[16.977s] DEBUG:colcon.colcon_core.event_reactor:joined thread
[17.323s] INFO:colcon.colcon_core.plugin_system:Skipping extension 'colcon_core.shell.bat': Not used on non-Windows systems
[17.325s] INFO:colcon.colcon_core.shell:Creating prefix script '/home/yamashita/serial_ws/install/local_setup.ps1'
[17.335s] INFO:colcon.colcon_core.shell:Creating prefix util module '/home/yamashita/serial_ws/install/_local_setup_util_ps1.py'
[17.349s] INFO:colcon.colcon_core.shell:Creating prefix chain script '/home/yamashita/serial_ws/install/setup.ps1'
[17.641s] INFO:colcon.colcon_core.shell:Creating prefix script '/home/yamashita/serial_ws/install/local_setup.sh'
[17.648s] INFO:colcon.colcon_core.shell:Creating prefix util module '/home/yamashita/serial_ws/install/_local_setup_util_sh.py'
[17.652s] INFO:colcon.colcon_core.shell:Creating prefix chain script '/home/yamashita/serial_ws/install/setup.sh'
[17.851s] INFO:colcon.colcon_core.shell:Creating prefix script '/home/yamashita/serial_ws/install/local_setup.bash'
[17.860s] INFO:colcon.colcon_core.shell:Creating prefix chain script '/home/yamashita/serial_ws/install/setup.bash'
[18.059s] INFO:colcon.colcon_core.shell:Creating prefix script '/home/yamashita/serial_ws/install/local_setup.zsh'
[18.065s] INFO:colcon.colcon_core.shell:Creating prefix chain script '/home/yamashita/serial_ws/install/setup.zsh'
