[13.825s] Invoking command in '/home/yamashita/serial_ws/src/ros_serial': PYTHONPATH=/home/yamashita/serial_ws/build/ros_serial/prefix_override:/home/yamashita/serial_ws/install/ros_serial/lib/python3.10/site-packages:${PYTHONPATH} /usr/bin/python3 setup.py egg_info --egg-base ../../build/ros_serial build --build-base /home/yamashita/serial_ws/build/ros_serial/build install --record /home/yamashita/serial_ws/build/ros_serial/install.log --single-version-externally-managed
[16.980s] running egg_info
[17.236s] writing ../../build/ros_serial/ros_serial.egg-info/PKG-INFO
[17.241s] writing dependency_links to ../../build/ros_serial/ros_serial.egg-info/dependency_links.txt
[17.243s] writing entry points to ../../build/ros_serial/ros_serial.egg-info/entry_points.txt
[17.246s] writing requirements to ../../build/ros_serial/ros_serial.egg-info/requires.txt
[17.248s] writing top-level names to ../../build/ros_serial/ros_serial.egg-info/top_level.txt
[17.762s] reading manifest file '../../build/ros_serial/ros_serial.egg-info/SOURCES.txt'
[17.771s] writing manifest file '../../build/ros_serial/ros_serial.egg-info/SOURCES.txt'
[17.773s] running build
[17.774s] running build_py
[17.776s] copying ros_serial/serial.py -> /home/yamashita/serial_ws/build/ros_serial/build/lib/ros_serial
[17.778s] copying ros_serial/__init__.py -> /home/yamashita/serial_ws/build/ros_serial/build/lib/ros_serial
[17.782s] running install
[17.785s] /home/yamashita/.local/lib/python3.10/site-packages/setuptools/_distutils/cmd.py:66: SetuptoolsDeprecationWarning: setup.py install is deprecated.
[17.786s] !!
[17.787s] 
[17.788s]         ********************************************************************************
[17.790s]         Please avoid running ``setup.py`` directly.
[17.791s]         Instead, use pypa/build, pypa/installer or other
[17.794s]         standards-based tools.
[17.796s] 
[17.797s]         See https://blog.ganssle.io/articles/2021/10/setup-py-deprecated.html for details.
[17.798s]         ********************************************************************************
[17.799s] 
[17.800s] !!
[17.801s]   self.initialize_options()
[17.856s] running install_lib
[18.097s] copying /home/yamashita/serial_ws/build/ros_serial/build/lib/ros_serial/serial.py -> /home/yamashita/serial_ws/install/ros_serial/lib/python3.10/site-packages/ros_serial
[18.105s] byte-compiling /home/yamashita/serial_ws/install/ros_serial/lib/python3.10/site-packages/ros_serial/serial.py to serial.cpython-310.pyc
[18.114s] running install_data
[18.364s] copying resource/ros_serial -> /home/yamashita/serial_ws/install/ros_serial/share/ament_index/resource_index/packages
[18.366s] copying package.xml -> /home/yamashita/serial_ws/install/ros_serial/share/ros_serial
[18.368s] running install_egg_info
[18.626s] removing '/home/yamashita/serial_ws/install/ros_serial/lib/python3.10/site-packages/ros_serial-0.0.0-py3.10.egg-info' (and everything under it)
[18.630s] Copying ../../build/ros_serial/ros_serial.egg-info to /home/yamashita/serial_ws/install/ros_serial/lib/python3.10/site-packages/ros_serial-0.0.0-py3.10.egg-info
[18.645s] running install_scripts
[21.034s] Installing talker script to /home/yamashita/serial_ws/install/ros_serial/lib/ros_serial
[21.039s] writing list of installed files to '/home/yamashita/serial_ws/build/ros_serial/install.log'
[21.423s] Invoked command in '/home/yamashita/serial_ws/src/ros_serial' returned '0': PYTHONPATH=/home/yamashita/serial_ws/build/ros_serial/prefix_override:/home/yamashita/serial_ws/install/ros_serial/lib/python3.10/site-packages:${PYTHONPATH} /usr/bin/python3 setup.py egg_info --egg-base ../../build/ros_serial build --build-base /home/yamashita/serial_ws/build/ros_serial/build install --record /home/yamashita/serial_ws/build/ros_serial/install.log --single-version-externally-managed
