[12.086s] DEBUG:colcon:Command line arguments: ['/usr/bin/colcon', 'build']
[12.087s] DEBUG:colcon:Parsed command line arguments: Namespace(log_base=None, log_level=None, verb_name='build', build_base='build', install_base='install', merge_install=False, symlink_install=False, test_result_base=None, continue_on_error=False, executor='parallel', parallel_workers=4, event_handlers=None, ignore_user_meta=False, metas=['./colcon.meta'], base_paths=['.'], packages_ignore=None, packages_ignore_regex=None, paths=None, packages_up_to=None, packages_up_to_regex=None, packages_above=None, packages_above_and_dependencies=None, packages_above_depth=None, packages_select_by_dep=None, packages_skip_by_dep=None, packages_skip_up_to=None, packages_select_build_failed=False, packages_skip_build_finished=False, packages_select_test_failures=False, packages_skip_test_passed=False, packages_select=None, packages_skip=None, packages_select_regex=None, packages_skip_regex=None, packages_start=None, packages_end=None, allow_overriding=[], cmake_args=None, cmake_target=None, cmake_target_skip_unavailable=False, cmake_clean_cache=False, cmake_clean_first=False, cmake_force_configure=False, ament_cmake_args=None, catkin_cmake_args=None, catkin_skip_building_tests=False, verb_parser=<colcon_defaults.argument_parser.defaults.DefaultArgumentsDecorator object at 0xffff9be3d360>, verb_extension=<colcon_core.verb.build.BuildVerb object at 0xffff9c3bb820>, main=<bound method BuildVerb.main of <colcon_core.verb.build.BuildVerb object at 0xffff9c3bb820>>)
[12.744s] Level 1:colcon.colcon_core.package_discovery:discover_packages(colcon_meta) check parameters
[12.745s] Level 1:colcon.colcon_core.package_discovery:discover_packages(recursive) check parameters
[12.746s] Level 1:colcon.colcon_core.package_discovery:discover_packages(ignore) check parameters
[12.746s] Level 1:colcon.colcon_core.package_discovery:discover_packages(path) check parameters
[12.746s] Level 1:colcon.colcon_core.package_discovery:discover_packages(colcon_meta) discover
[12.747s] Level 1:colcon.colcon_core.package_discovery:discover_packages(recursive) discover
[12.747s] INFO:colcon.colcon_core.package_discovery:Crawling recursively for packages in '/home/yamashita/serial_ws'
[12.748s] Level 1:colcon.colcon_core.package_identification:_identify(.) by extensions ['ignore', 'ignore_ament_install']
[12.749s] Level 1:colcon.colcon_core.package_identification:_identify(.) by extension 'ignore'
[12.749s] Level 1:colcon.colcon_core.package_identification:_identify(.) by extension 'ignore_ament_install'
[12.750s] Level 1:colcon.colcon_core.package_identification:_identify(.) by extensions ['colcon_pkg']
[12.750s] Level 1:colcon.colcon_core.package_identification:_identify(.) by extension 'colcon_pkg'
[12.750s] Level 1:colcon.colcon_core.package_identification:_identify(.) by extensions ['colcon_meta']
[12.751s] Level 1:colcon.colcon_core.package_identification:_identify(.) by extension 'colcon_meta'
[12.751s] Level 1:colcon.colcon_core.package_identification:_identify(.) by extensions ['ros']
[12.752s] Level 1:colcon.colcon_core.package_identification:_identify(.) by extension 'ros'
[12.910s] Level 1:colcon.colcon_core.package_identification:_identify(.) by extensions ['cmake', 'python']
[12.911s] Level 1:colcon.colcon_core.package_identification:_identify(.) by extension 'cmake'
[12.912s] Level 1:colcon.colcon_core.package_identification:_identify(.) by extension 'python'
[12.912s] Level 1:colcon.colcon_core.package_identification:_identify(.) by extensions ['python_setup_py']
[12.912s] Level 1:colcon.colcon_core.package_identification:_identify(.) by extension 'python_setup_py'
[12.913s] Level 1:colcon.colcon_core.package_identification:_identify(build) by extensions ['ignore', 'ignore_ament_install']
[12.914s] Level 1:colcon.colcon_core.package_identification:_identify(build) by extension 'ignore'
[12.915s] Level 1:colcon.colcon_core.package_identification:_identify(build) ignored
[12.916s] Level 1:colcon.colcon_core.package_identification:_identify(install) by extensions ['ignore', 'ignore_ament_install']
[12.917s] Level 1:colcon.colcon_core.package_identification:_identify(install) by extension 'ignore'
[12.918s] Level 1:colcon.colcon_core.package_identification:_identify(install) ignored
[12.919s] Level 1:colcon.colcon_core.package_identification:_identify(log) by extensions ['ignore', 'ignore_ament_install']
[12.920s] Level 1:colcon.colcon_core.package_identification:_identify(log) by extension 'ignore'
[12.920s] Level 1:colcon.colcon_core.package_identification:_identify(log) ignored
[12.921s] Level 1:colcon.colcon_core.package_identification:_identify(src) by extensions ['ignore', 'ignore_ament_install']
[12.922s] Level 1:colcon.colcon_core.package_identification:_identify(src) by extension 'ignore'
[12.922s] Level 1:colcon.colcon_core.package_identification:_identify(src) by extension 'ignore_ament_install'
[12.923s] Level 1:colcon.colcon_core.package_identification:_identify(src) by extensions ['colcon_pkg']
[12.923s] Level 1:colcon.colcon_core.package_identification:_identify(src) by extension 'colcon_pkg'
[12.924s] Level 1:colcon.colcon_core.package_identification:_identify(src) by extensions ['colcon_meta']
[12.924s] Level 1:colcon.colcon_core.package_identification:_identify(src) by extension 'colcon_meta'
[12.925s] Level 1:colcon.colcon_core.package_identification:_identify(src) by extensions ['ros']
[12.925s] Level 1:colcon.colcon_core.package_identification:_identify(src) by extension 'ros'
[12.926s] Level 1:colcon.colcon_core.package_identification:_identify(src) by extensions ['cmake', 'python']
[12.926s] Level 1:colcon.colcon_core.package_identification:_identify(src) by extension 'cmake'
[12.926s] Level 1:colcon.colcon_core.package_identification:_identify(src) by extension 'python'
[12.927s] Level 1:colcon.colcon_core.package_identification:_identify(src) by extensions ['python_setup_py']
[12.927s] Level 1:colcon.colcon_core.package_identification:_identify(src) by extension 'python_setup_py'
[12.928s] Level 1:colcon.colcon_core.package_identification:_identify(src/ros_serial) by extensions ['ignore', 'ignore_ament_install']
[12.929s] Level 1:colcon.colcon_core.package_identification:_identify(src/ros_serial) by extension 'ignore'
[12.930s] Level 1:colcon.colcon_core.package_identification:_identify(src/ros_serial) by extension 'ignore_ament_install'
[12.930s] Level 1:colcon.colcon_core.package_identification:_identify(src/ros_serial) by extensions ['colcon_pkg']
[12.931s] Level 1:colcon.colcon_core.package_identification:_identify(src/ros_serial) by extension 'colcon_pkg'
[12.931s] Level 1:colcon.colcon_core.package_identification:_identify(src/ros_serial) by extensions ['colcon_meta']
[12.931s] Level 1:colcon.colcon_core.package_identification:_identify(src/ros_serial) by extension 'colcon_meta'
[12.932s] Level 1:colcon.colcon_core.package_identification:_identify(src/ros_serial) by extensions ['ros']
[12.932s] Level 1:colcon.colcon_core.package_identification:_identify(src/ros_serial) by extension 'ros'
[12.956s] DEBUG:colcon.colcon_core.package_identification:Package 'src/ros_serial' with type 'ros.ament_python' and name 'ros_serial'
[12.957s] Level 1:colcon.colcon_core.package_discovery:discover_packages(recursive) using defaults
[12.957s] Level 1:colcon.colcon_core.package_discovery:discover_packages(ignore) discover
[12.958s] Level 1:colcon.colcon_core.package_discovery:discover_packages(ignore) using defaults
[12.958s] Level 1:colcon.colcon_core.package_discovery:discover_packages(path) discover
[12.958s] Level 1:colcon.colcon_core.package_discovery:discover_packages(path) using defaults
[14.042s] Level 1:colcon.colcon_core.package_discovery:discover_packages(prefix_path) check parameters
[14.043s] Level 1:colcon.colcon_core.package_discovery:discover_packages(prefix_path) discover
[14.417s] DEBUG:colcon.colcon_installed_package_information.package_discovery:Found 1 installed packages in /home/yamashita/serial_ws/install
[14.594s] DEBUG:colcon.colcon_installed_package_information.package_discovery:Found 2 installed packages in /home/yamashita/ros2_ws/install
[14.782s] DEBUG:colcon.colcon_installed_package_information.package_discovery:Found 290 installed packages in /opt/ros/humble
[14.797s] Level 1:colcon.colcon_core.package_discovery:discover_packages(prefix_path) using defaults
[15.726s] Level 5:colcon.colcon_core.verb:set package 'ros_serial' build argument 'cmake_args' from command line to 'None'
[15.727s] Level 5:colcon.colcon_core.verb:set package 'ros_serial' build argument 'cmake_target' from command line to 'None'
[15.727s] Level 5:colcon.colcon_core.verb:set package 'ros_serial' build argument 'cmake_target_skip_unavailable' from command line to 'False'
[15.728s] Level 5:colcon.colcon_core.verb:set package 'ros_serial' build argument 'cmake_clean_cache' from command line to 'False'
[15.728s] Level 5:colcon.colcon_core.verb:set package 'ros_serial' build argument 'cmake_clean_first' from command line to 'False'
[15.728s] Level 5:colcon.colcon_core.verb:set package 'ros_serial' build argument 'cmake_force_configure' from command line to 'False'
[15.728s] Level 5:colcon.colcon_core.verb:set package 'ros_serial' build argument 'ament_cmake_args' from command line to 'None'
[15.728s] Level 5:colcon.colcon_core.verb:set package 'ros_serial' build argument 'catkin_cmake_args' from command line to 'None'
[15.729s] Level 5:colcon.colcon_core.verb:set package 'ros_serial' build argument 'catkin_skip_building_tests' from command line to 'False'
[15.729s] DEBUG:colcon.colcon_core.verb:Building package 'ros_serial' with the following arguments: {'ament_cmake_args': None, 'build_base': '/home/yamashita/serial_ws/build/ros_serial', 'catkin_cmake_args': None, 'catkin_skip_building_tests': False, 'cmake_args': None, 'cmake_clean_cache': False, 'cmake_clean_first': False, 'cmake_force_configure': False, 'cmake_target': None, 'cmake_target_skip_unavailable': False, 'install_base': '/home/yamashita/serial_ws/install/ros_serial', 'merge_install': False, 'path': '/home/yamashita/serial_ws/src/ros_serial', 'symlink_install': False, 'test_result_base': None}
[15.900s] INFO:colcon.colcon_core.executor:Executing jobs using 'parallel' executor
[16.080s] DEBUG:colcon.colcon_parallel_executor.executor.parallel:run_until_complete
[16.082s] INFO:colcon.colcon_ros.task.ament_python.build:Building ROS package in '/home/yamashita/serial_ws/src/ros_serial' with build type 'ament_python'
[16.084s] Level 1:colcon.colcon_core.shell:create_environment_hook('ros_serial', 'ament_prefix_path')
[16.504s] INFO:colcon.colcon_core.plugin_system:Skipping extension 'colcon_core.shell.bat': Not used on non-Windows systems
[16.506s] INFO:colcon.colcon_core.shell:Creating environment hook '/home/yamashita/serial_ws/install/ros_serial/share/ros_serial/hook/ament_prefix_path.ps1'
[16.514s] INFO:colcon.colcon_core.shell:Creating environment descriptor '/home/yamashita/serial_ws/install/ros_serial/share/ros_serial/hook/ament_prefix_path.dsv'
[16.519s] INFO:colcon.colcon_core.shell:Creating environment hook '/home/yamashita/serial_ws/install/ros_serial/share/ros_serial/hook/ament_prefix_path.sh'
[16.778s] INFO:colcon.colcon_core.shell:Skip shell extension 'powershell' for command environment: Not usable outside of PowerShell
[16.779s] DEBUG:colcon.colcon_core.shell:Skip shell extension 'dsv' for command environment
[20.762s] INFO:colcon.colcon_core.task.python.build:Building Python package in '/home/yamashita/serial_ws/src/ros_serial'
[21.004s] INFO:colcon.colcon_core.shell:Skip shell extension 'powershell' for command environment: Not usable outside of PowerShell
[21.005s] DEBUG:colcon.colcon_core.shell:Skip shell extension 'dsv' for command environment
[30.903s] DEBUG:colcon.colcon_core.event_handler.log_command:Invoking command in '/home/yamashita/serial_ws/src/ros_serial': PYTHONPATH=/home/yamashita/serial_ws/build/ros_serial/prefix_override:/home/yamashita/serial_ws/install/ros_serial/lib/python3.10/site-packages:${PYTHONPATH} /usr/bin/python3 setup.py egg_info --egg-base ../../build/ros_serial build --build-base /home/yamashita/serial_ws/build/ros_serial/build install --record /home/yamashita/serial_ws/build/ros_serial/install.log --single-version-externally-managed
[38.473s] DEBUG:colcon.colcon_core.event_handler.log_command:Invoked command in '/home/yamashita/serial_ws/src/ros_serial' returned '0': PYTHONPATH=/home/yamashita/serial_ws/build/ros_serial/prefix_override:/home/yamashita/serial_ws/install/ros_serial/lib/python3.10/site-packages:${PYTHONPATH} /usr/bin/python3 setup.py egg_info --egg-base ../../build/ros_serial build --build-base /home/yamashita/serial_ws/build/ros_serial/build install --record /home/yamashita/serial_ws/build/ros_serial/install.log --single-version-externally-managed
[38.761s] Level 1:colcon.colcon_core.environment:checking '/home/yamashita/serial_ws/install/ros_serial' for CMake module files
[38.766s] Level 1:colcon.colcon_core.environment:checking '/home/yamashita/serial_ws/install/ros_serial' for CMake config files
[38.775s] Level 1:colcon.colcon_core.environment:checking '/home/yamashita/serial_ws/install/ros_serial/lib'
[38.777s] Level 1:colcon.colcon_core.environment:checking '/home/yamashita/serial_ws/install/ros_serial/bin'
[38.778s] Level 1:colcon.colcon_core.environment:checking '/home/yamashita/serial_ws/install/ros_serial/lib/pkgconfig/ros_serial.pc'
[38.783s] Level 1:colcon.colcon_core.environment:checking '/home/yamashita/serial_ws/install/ros_serial/lib/python3.10/site-packages'
[38.784s] Level 1:colcon.colcon_core.shell:create_environment_hook('ros_serial', 'pythonpath')
[39.027s] INFO:colcon.colcon_core.shell:Creating environment hook '/home/yamashita/serial_ws/install/ros_serial/share/ros_serial/hook/pythonpath.ps1'
[39.031s] INFO:colcon.colcon_core.shell:Creating environment descriptor '/home/yamashita/serial_ws/install/ros_serial/share/ros_serial/hook/pythonpath.dsv'
[39.040s] INFO:colcon.colcon_core.shell:Creating environment hook '/home/yamashita/serial_ws/install/ros_serial/share/ros_serial/hook/pythonpath.sh'
[39.047s] Level 1:colcon.colcon_core.environment:checking '/home/yamashita/serial_ws/install/ros_serial/bin'
[39.048s] Level 1:colcon.colcon_core.environment:create_environment_scripts_only(ros_serial)
[39.286s] INFO:colcon.colcon_core.shell:Creating package script '/home/yamashita/serial_ws/install/ros_serial/share/ros_serial/package.ps1'
[39.299s] INFO:colcon.colcon_core.shell:Creating package descriptor '/home/yamashita/serial_ws/install/ros_serial/share/ros_serial/package.dsv'
[39.309s] INFO:colcon.colcon_core.shell:Creating package script '/home/yamashita/serial_ws/install/ros_serial/share/ros_serial/package.sh'
[39.322s] INFO:colcon.colcon_core.shell:Creating package script '/home/yamashita/serial_ws/install/ros_serial/share/ros_serial/package.bash'
[39.335s] INFO:colcon.colcon_core.shell:Creating package script '/home/yamashita/serial_ws/install/ros_serial/share/ros_serial/package.zsh'
[39.342s] Level 1:colcon.colcon_core.environment:create_file_with_runtime_dependencies(/home/yamashita/serial_ws/install/ros_serial/share/colcon-core/packages/ros_serial)
[39.345s] DEBUG:colcon.colcon_parallel_executor.executor.parallel:closing loop
[39.348s] DEBUG:colcon.colcon_parallel_executor.executor.parallel:loop closed
[39.349s] DEBUG:colcon.colcon_parallel_executor.executor.parallel:run_until_complete finished with '0'
[39.350s] DEBUG:colcon.colcon_core.event_reactor:joining thread
[39.652s] INFO:colcon.colcon_core.plugin_system:Skipping extension 'colcon_notification.desktop_notification.terminal_notifier': Not used on non-Darwin systems
[39.653s] INFO:colcon.colcon_core.plugin_system:Skipping extension 'colcon_notification.desktop_notification.win32': Not used on non-Windows systems
[39.654s] INFO:colcon.colcon_notification.desktop_notification:Sending desktop notification using 'notify2'
[39.699s] DEBUG:colcon.colcon_core.event_reactor:joined thread
[40.015s] INFO:colcon.colcon_core.shell:Creating prefix script '/home/yamashita/serial_ws/install/local_setup.ps1'
[40.026s] INFO:colcon.colcon_core.shell:Creating prefix util module '/home/yamashita/serial_ws/install/_local_setup_util_ps1.py'
[40.040s] INFO:colcon.colcon_core.shell:Creating prefix chain script '/home/yamashita/serial_ws/install/setup.ps1'
[40.225s] INFO:colcon.colcon_core.shell:Creating prefix script '/home/yamashita/serial_ws/install/local_setup.sh'
[40.230s] INFO:colcon.colcon_core.shell:Creating prefix util module '/home/yamashita/serial_ws/install/_local_setup_util_sh.py'
[40.235s] INFO:colcon.colcon_core.shell:Creating prefix chain script '/home/yamashita/serial_ws/install/setup.sh'
[40.427s] INFO:colcon.colcon_core.shell:Creating prefix script '/home/yamashita/serial_ws/install/local_setup.bash'
[40.432s] INFO:colcon.colcon_core.shell:Creating prefix chain script '/home/yamashita/serial_ws/install/setup.bash'
[40.617s] INFO:colcon.colcon_core.shell:Creating prefix script '/home/yamashita/serial_ws/install/local_setup.zsh'
[40.624s] INFO:colcon.colcon_core.shell:Creating prefix chain script '/home/yamashita/serial_ws/install/setup.zsh'
