[11.987s] DEBUG:colcon:Command line arguments: ['/usr/bin/colcon', 'build']
[11.988s] DEBUG:colcon:Parsed command line arguments: Namespace(log_base=None, log_level=None, verb_name='build', build_base='build', install_base='install', merge_install=False, symlink_install=False, test_result_base=None, continue_on_error=False, executor='parallel', parallel_workers=4, event_handlers=None, ignore_user_meta=False, metas=['./colcon.meta'], base_paths=['.'], packages_ignore=None, packages_ignore_regex=None, paths=None, packages_up_to=None, packages_up_to_regex=None, packages_above=None, packages_above_and_dependencies=None, packages_above_depth=None, packages_select_by_dep=None, packages_skip_by_dep=None, packages_skip_up_to=None, packages_select_build_failed=False, packages_skip_build_finished=False, packages_select_test_failures=False, packages_skip_test_passed=False, packages_select=None, packages_skip=None, packages_select_regex=None, packages_skip_regex=None, packages_start=None, packages_end=None, allow_overriding=[], cmake_args=None, cmake_target=None, cmake_target_skip_unavailable=False, cmake_clean_cache=False, cmake_clean_first=False, cmake_force_configure=False, ament_cmake_args=None, catkin_cmake_args=None, catkin_skip_building_tests=False, verb_parser=<colcon_defaults.argument_parser.defaults.DefaultArgumentsDecorator object at 0xffff8e6ed600>, verb_extension=<colcon_core.verb.build.BuildVerb object at 0xffff8ec6b820>, main=<bound method BuildVerb.main of <colcon_core.verb.build.BuildVerb object at 0xffff8ec6b820>>)
[12.623s] Level 1:colcon.colcon_core.package_discovery:discover_packages(colcon_meta) check parameters
[12.624s] Level 1:colcon.colcon_core.package_discovery:discover_packages(recursive) check parameters
[12.625s] Level 1:colcon.colcon_core.package_discovery:discover_packages(ignore) check parameters
[12.625s] Level 1:colcon.colcon_core.package_discovery:discover_packages(path) check parameters
[12.625s] Level 1:colcon.colcon_core.package_discovery:discover_packages(colcon_meta) discover
[12.625s] Level 1:colcon.colcon_core.package_discovery:discover_packages(recursive) discover
[12.626s] INFO:colcon.colcon_core.package_discovery:Crawling recursively for packages in '/home/yamashita/serial_ws'
[12.627s] Level 1:colcon.colcon_core.package_identification:_identify(.) by extensions ['ignore', 'ignore_ament_install']
[12.628s] Level 1:colcon.colcon_core.package_identification:_identify(.) by extension 'ignore'
[12.628s] Level 1:colcon.colcon_core.package_identification:_identify(.) by extension 'ignore_ament_install'
[12.629s] Level 1:colcon.colcon_core.package_identification:_identify(.) by extensions ['colcon_pkg']
[12.629s] Level 1:colcon.colcon_core.package_identification:_identify(.) by extension 'colcon_pkg'
[12.630s] Level 1:colcon.colcon_core.package_identification:_identify(.) by extensions ['colcon_meta']
[12.630s] Level 1:colcon.colcon_core.package_identification:_identify(.) by extension 'colcon_meta'
[12.630s] Level 1:colcon.colcon_core.package_identification:_identify(.) by extensions ['ros']
[12.631s] Level 1:colcon.colcon_core.package_identification:_identify(.) by extension 'ros'
[12.765s] Level 1:colcon.colcon_core.package_identification:_identify(.) by extensions ['cmake', 'python']
[12.765s] Level 1:colcon.colcon_core.package_identification:_identify(.) by extension 'cmake'
[12.766s] Level 1:colcon.colcon_core.package_identification:_identify(.) by extension 'python'
[12.766s] Level 1:colcon.colcon_core.package_identification:_identify(.) by extensions ['python_setup_py']
[12.766s] Level 1:colcon.colcon_core.package_identification:_identify(.) by extension 'python_setup_py'
[12.767s] Level 1:colcon.colcon_core.package_identification:_identify(build) by extensions ['ignore', 'ignore_ament_install']
[12.768s] Level 1:colcon.colcon_core.package_identification:_identify(build) by extension 'ignore'
[12.769s] Level 1:colcon.colcon_core.package_identification:_identify(build) ignored
[12.770s] Level 1:colcon.colcon_core.package_identification:_identify(install) by extensions ['ignore', 'ignore_ament_install']
[12.771s] Level 1:colcon.colcon_core.package_identification:_identify(install) by extension 'ignore'
[12.772s] Level 1:colcon.colcon_core.package_identification:_identify(install) ignored
[12.773s] Level 1:colcon.colcon_core.package_identification:_identify(log) by extensions ['ignore', 'ignore_ament_install']
[12.774s] Level 1:colcon.colcon_core.package_identification:_identify(log) by extension 'ignore'
[12.774s] Level 1:colcon.colcon_core.package_identification:_identify(log) ignored
[12.775s] Level 1:colcon.colcon_core.package_identification:_identify(src) by extensions ['ignore', 'ignore_ament_install']
[12.776s] Level 1:colcon.colcon_core.package_identification:_identify(src) by extension 'ignore'
[12.776s] Level 1:colcon.colcon_core.package_identification:_identify(src) by extension 'ignore_ament_install'
[12.777s] Level 1:colcon.colcon_core.package_identification:_identify(src) by extensions ['colcon_pkg']
[12.777s] Level 1:colcon.colcon_core.package_identification:_identify(src) by extension 'colcon_pkg'
[12.778s] Level 1:colcon.colcon_core.package_identification:_identify(src) by extensions ['colcon_meta']
[12.778s] Level 1:colcon.colcon_core.package_identification:_identify(src) by extension 'colcon_meta'
[12.779s] Level 1:colcon.colcon_core.package_identification:_identify(src) by extensions ['ros']
[12.779s] Level 1:colcon.colcon_core.package_identification:_identify(src) by extension 'ros'
[12.780s] Level 1:colcon.colcon_core.package_identification:_identify(src) by extensions ['cmake', 'python']
[12.780s] Level 1:colcon.colcon_core.package_identification:_identify(src) by extension 'cmake'
[12.780s] Level 1:colcon.colcon_core.package_identification:_identify(src) by extension 'python'
[12.781s] Level 1:colcon.colcon_core.package_identification:_identify(src) by extensions ['python_setup_py']
[12.781s] Level 1:colcon.colcon_core.package_identification:_identify(src) by extension 'python_setup_py'
[12.782s] Level 1:colcon.colcon_core.package_identification:_identify(src/ros_serial) by extensions ['ignore', 'ignore_ament_install']
[12.783s] Level 1:colcon.colcon_core.package_identification:_identify(src/ros_serial) by extension 'ignore'
[12.783s] Level 1:colcon.colcon_core.package_identification:_identify(src/ros_serial) by extension 'ignore_ament_install'
[12.784s] Level 1:colcon.colcon_core.package_identification:_identify(src/ros_serial) by extensions ['colcon_pkg']
[12.784s] Level 1:colcon.colcon_core.package_identification:_identify(src/ros_serial) by extension 'colcon_pkg'
[12.785s] Level 1:colcon.colcon_core.package_identification:_identify(src/ros_serial) by extensions ['colcon_meta']
[12.785s] Level 1:colcon.colcon_core.package_identification:_identify(src/ros_serial) by extension 'colcon_meta'
[12.785s] Level 1:colcon.colcon_core.package_identification:_identify(src/ros_serial) by extensions ['ros']
[12.786s] Level 1:colcon.colcon_core.package_identification:_identify(src/ros_serial) by extension 'ros'
[12.804s] DEBUG:colcon.colcon_core.package_identification:Package 'src/ros_serial' with type 'ros.ament_python' and name 'ros_serial'
[12.805s] Level 1:colcon.colcon_core.package_discovery:discover_packages(recursive) using defaults
[12.805s] Level 1:colcon.colcon_core.package_discovery:discover_packages(ignore) discover
[12.805s] Level 1:colcon.colcon_core.package_discovery:discover_packages(ignore) using defaults
[12.806s] Level 1:colcon.colcon_core.package_discovery:discover_packages(path) discover
[12.806s] Level 1:colcon.colcon_core.package_discovery:discover_packages(path) using defaults
[13.869s] Level 1:colcon.colcon_core.package_discovery:discover_packages(prefix_path) check parameters
[13.869s] Level 1:colcon.colcon_core.package_discovery:discover_packages(prefix_path) discover
[14.239s] DEBUG:colcon.colcon_installed_package_information.package_discovery:Found 1 installed packages in /home/yamashita/serial_ws/install
[14.429s] DEBUG:colcon.colcon_installed_package_information.package_discovery:Found 2 installed packages in /home/yamashita/ros2_ws/install
[14.621s] DEBUG:colcon.colcon_installed_package_information.package_discovery:Found 290 installed packages in /opt/ros/humble
[14.636s] Level 1:colcon.colcon_core.package_discovery:discover_packages(prefix_path) using defaults
[15.545s] Level 5:colcon.colcon_core.verb:set package 'ros_serial' build argument 'cmake_args' from command line to 'None'
[15.546s] Level 5:colcon.colcon_core.verb:set package 'ros_serial' build argument 'cmake_target' from command line to 'None'
[15.546s] Level 5:colcon.colcon_core.verb:set package 'ros_serial' build argument 'cmake_target_skip_unavailable' from command line to 'False'
[15.546s] Level 5:colcon.colcon_core.verb:set package 'ros_serial' build argument 'cmake_clean_cache' from command line to 'False'
[15.547s] Level 5:colcon.colcon_core.verb:set package 'ros_serial' build argument 'cmake_clean_first' from command line to 'False'
[15.547s] Level 5:colcon.colcon_core.verb:set package 'ros_serial' build argument 'cmake_force_configure' from command line to 'False'
[15.547s] Level 5:colcon.colcon_core.verb:set package 'ros_serial' build argument 'ament_cmake_args' from command line to 'None'
[15.547s] Level 5:colcon.colcon_core.verb:set package 'ros_serial' build argument 'catkin_cmake_args' from command line to 'None'
[15.547s] Level 5:colcon.colcon_core.verb:set package 'ros_serial' build argument 'catkin_skip_building_tests' from command line to 'False'
[15.548s] DEBUG:colcon.colcon_core.verb:Building package 'ros_serial' with the following arguments: {'ament_cmake_args': None, 'build_base': '/home/yamashita/serial_ws/build/ros_serial', 'catkin_cmake_args': None, 'catkin_skip_building_tests': False, 'cmake_args': None, 'cmake_clean_cache': False, 'cmake_clean_first': False, 'cmake_force_configure': False, 'cmake_target': None, 'cmake_target_skip_unavailable': False, 'install_base': '/home/yamashita/serial_ws/install/ros_serial', 'merge_install': False, 'path': '/home/yamashita/serial_ws/src/ros_serial', 'symlink_install': False, 'test_result_base': None}
[15.731s] INFO:colcon.colcon_core.executor:Executing jobs using 'parallel' executor
[15.912s] DEBUG:colcon.colcon_parallel_executor.executor.parallel:run_until_complete
[15.913s] INFO:colcon.colcon_ros.task.ament_python.build:Building ROS package in '/home/yamashita/serial_ws/src/ros_serial' with build type 'ament_python'
[15.915s] Level 1:colcon.colcon_core.shell:create_environment_hook('ros_serial', 'ament_prefix_path')
[16.332s] INFO:colcon.colcon_core.plugin_system:Skipping extension 'colcon_core.shell.bat': Not used on non-Windows systems
[16.335s] INFO:colcon.colcon_core.shell:Creating environment hook '/home/yamashita/serial_ws/install/ros_serial/share/ros_serial/hook/ament_prefix_path.ps1'
[16.342s] INFO:colcon.colcon_core.shell:Creating environment descriptor '/home/yamashita/serial_ws/install/ros_serial/share/ros_serial/hook/ament_prefix_path.dsv'
[16.350s] INFO:colcon.colcon_core.shell:Creating environment hook '/home/yamashita/serial_ws/install/ros_serial/share/ros_serial/hook/ament_prefix_path.sh'
[16.607s] INFO:colcon.colcon_core.shell:Skip shell extension 'powershell' for command environment: Not usable outside of PowerShell
[16.608s] DEBUG:colcon.colcon_core.shell:Skip shell extension 'dsv' for command environment
[20.318s] INFO:colcon.colcon_core.task.python.build:Building Python package in '/home/yamashita/serial_ws/src/ros_serial'
[20.571s] INFO:colcon.colcon_core.shell:Skip shell extension 'powershell' for command environment: Not usable outside of PowerShell
[20.572s] DEBUG:colcon.colcon_core.shell:Skip shell extension 'dsv' for command environment
[29.487s] DEBUG:colcon.colcon_core.event_handler.log_command:Invoking command in '/home/yamashita/serial_ws/src/ros_serial': PYTHONPATH=/home/yamashita/serial_ws/build/ros_serial/prefix_override:/home/yamashita/serial_ws/install/ros_serial/lib/python3.10/site-packages:${PYTHONPATH} /usr/bin/python3 setup.py egg_info --egg-base ../../build/ros_serial build --build-base /home/yamashita/serial_ws/build/ros_serial/build install --record /home/yamashita/serial_ws/build/ros_serial/install.log --single-version-externally-managed
[37.061s] DEBUG:colcon.colcon_core.event_handler.log_command:Invoked command in '/home/yamashita/serial_ws/src/ros_serial' returned '0': PYTHONPATH=/home/yamashita/serial_ws/build/ros_serial/prefix_override:/home/yamashita/serial_ws/install/ros_serial/lib/python3.10/site-packages:${PYTHONPATH} /usr/bin/python3 setup.py egg_info --egg-base ../../build/ros_serial build --build-base /home/yamashita/serial_ws/build/ros_serial/build install --record /home/yamashita/serial_ws/build/ros_serial/install.log --single-version-externally-managed
[37.347s] Level 1:colcon.colcon_core.environment:checking '/home/yamashita/serial_ws/install/ros_serial' for CMake module files
[37.361s] Level 1:colcon.colcon_core.environment:checking '/home/yamashita/serial_ws/install/ros_serial' for CMake config files
[37.376s] Level 1:colcon.colcon_core.environment:checking '/home/yamashita/serial_ws/install/ros_serial/lib'
[37.380s] Level 1:colcon.colcon_core.environment:checking '/home/yamashita/serial_ws/install/ros_serial/bin'
[37.381s] Level 1:colcon.colcon_core.environment:checking '/home/yamashita/serial_ws/install/ros_serial/lib/pkgconfig/ros_serial.pc'
[37.384s] Level 1:colcon.colcon_core.environment:checking '/home/yamashita/serial_ws/install/ros_serial/lib/python3.10/site-packages'
[37.385s] Level 1:colcon.colcon_core.shell:create_environment_hook('ros_serial', 'pythonpath')
[37.653s] INFO:colcon.colcon_core.shell:Creating environment hook '/home/yamashita/serial_ws/install/ros_serial/share/ros_serial/hook/pythonpath.ps1'
[37.658s] INFO:colcon.colcon_core.shell:Creating environment descriptor '/home/yamashita/serial_ws/install/ros_serial/share/ros_serial/hook/pythonpath.dsv'
[37.663s] INFO:colcon.colcon_core.shell:Creating environment hook '/home/yamashita/serial_ws/install/ros_serial/share/ros_serial/hook/pythonpath.sh'
[37.674s] Level 1:colcon.colcon_core.environment:checking '/home/yamashita/serial_ws/install/ros_serial/bin'
[37.675s] Level 1:colcon.colcon_core.environment:create_environment_scripts_only(ros_serial)
[37.956s] INFO:colcon.colcon_core.shell:Creating package script '/home/yamashita/serial_ws/install/ros_serial/share/ros_serial/package.ps1'
[37.965s] INFO:colcon.colcon_core.shell:Creating package descriptor '/home/yamashita/serial_ws/install/ros_serial/share/ros_serial/package.dsv'
[37.972s] INFO:colcon.colcon_core.shell:Creating package script '/home/yamashita/serial_ws/install/ros_serial/share/ros_serial/package.sh'
[37.983s] INFO:colcon.colcon_core.shell:Creating package script '/home/yamashita/serial_ws/install/ros_serial/share/ros_serial/package.bash'
[37.994s] INFO:colcon.colcon_core.shell:Creating package script '/home/yamashita/serial_ws/install/ros_serial/share/ros_serial/package.zsh'
[38.002s] Level 1:colcon.colcon_core.environment:create_file_with_runtime_dependencies(/home/yamashita/serial_ws/install/ros_serial/share/colcon-core/packages/ros_serial)
[38.005s] DEBUG:colcon.colcon_parallel_executor.executor.parallel:closing loop
[38.014s] DEBUG:colcon.colcon_parallel_executor.executor.parallel:loop closed
[38.016s] DEBUG:colcon.colcon_parallel_executor.executor.parallel:run_until_complete finished with '0'
[38.018s] DEBUG:colcon.colcon_core.event_reactor:joining thread
[38.294s] INFO:colcon.colcon_core.plugin_system:Skipping extension 'colcon_notification.desktop_notification.terminal_notifier': Not used on non-Darwin systems
[38.295s] INFO:colcon.colcon_core.plugin_system:Skipping extension 'colcon_notification.desktop_notification.win32': Not used on non-Windows systems
[38.296s] INFO:colcon.colcon_notification.desktop_notification:Sending desktop notification using 'notify2'
[38.332s] DEBUG:colcon.colcon_core.event_reactor:joined thread
[38.633s] INFO:colcon.colcon_core.shell:Creating prefix script '/home/yamashita/serial_ws/install/local_setup.ps1'
[38.641s] INFO:colcon.colcon_core.shell:Creating prefix util module '/home/yamashita/serial_ws/install/_local_setup_util_ps1.py'
[38.653s] INFO:colcon.colcon_core.shell:Creating prefix chain script '/home/yamashita/serial_ws/install/setup.ps1'
[38.841s] INFO:colcon.colcon_core.shell:Creating prefix script '/home/yamashita/serial_ws/install/local_setup.sh'
[38.847s] INFO:colcon.colcon_core.shell:Creating prefix util module '/home/yamashita/serial_ws/install/_local_setup_util_sh.py'
[38.852s] INFO:colcon.colcon_core.shell:Creating prefix chain script '/home/yamashita/serial_ws/install/setup.sh'
[39.043s] INFO:colcon.colcon_core.shell:Creating prefix script '/home/yamashita/serial_ws/install/local_setup.bash'
[39.049s] INFO:colcon.colcon_core.shell:Creating prefix chain script '/home/yamashita/serial_ws/install/setup.bash'
[39.249s] INFO:colcon.colcon_core.shell:Creating prefix script '/home/yamashita/serial_ws/install/local_setup.zsh'
[39.255s] INFO:colcon.colcon_core.shell:Creating prefix chain script '/home/yamashita/serial_ws/install/setup.zsh'
