[13.797s] Invoking command in '/home/yamashita/serial_ws/src/ros_serial': PYTHONPATH=/home/yamashita/serial_ws/build/ros_serial/prefix_override:/home/yamashita/serial_ws/install/ros_serial/lib/python3.10/site-packages:${PYTHONPATH} /usr/bin/python3 setup.py egg_info --egg-base ../../build/ros_serial build --build-base /home/yamashita/serial_ws/build/ros_serial/build install --record /home/yamashita/serial_ws/build/ros_serial/install.log --single-version-externally-managed
[16.889s] running egg_info
[17.132s] writing ../../build/ros_serial/ros_serial.egg-info/PKG-INFO
[17.137s] writing dependency_links to ../../build/ros_serial/ros_serial.egg-info/dependency_links.txt
[17.141s] writing entry points to ../../build/ros_serial/ros_serial.egg-info/entry_points.txt
[17.144s] writing requirements to ../../build/ros_serial/ros_serial.egg-info/requires.txt
[17.146s] writing top-level names to ../../build/ros_serial/ros_serial.egg-info/top_level.txt
[17.653s] reading manifest file '../../build/ros_serial/ros_serial.egg-info/SOURCES.txt'
[17.666s] writing manifest file '../../build/ros_serial/ros_serial.egg-info/SOURCES.txt'
[17.670s] running build
[17.672s] running build_py
[17.673s] copying ros_serial/serial.py -> /home/yamashita/serial_ws/build/ros_serial/build/lib/ros_serial
[17.675s] copying ros_serial/__init__.py -> /home/yamashita/serial_ws/build/ros_serial/build/lib/ros_serial
[17.679s] running install
[17.681s] /home/yamashita/.local/lib/python3.10/site-packages/setuptools/_distutils/cmd.py:66: SetuptoolsDeprecationWarning: setup.py install is deprecated.
[17.683s] !!
[17.684s] 
[17.685s]         ********************************************************************************
[17.686s]         Please avoid running ``setup.py`` directly.
[17.687s]         Instead, use pypa/build, pypa/installer or other
[17.688s]         standards-based tools.
[17.689s] 
[17.690s]         See https://blog.ganssle.io/articles/2021/10/setup-py-deprecated.html for details.
[17.691s]         ********************************************************************************
[17.692s] 
[17.693s] !!
[17.693s]   self.initialize_options()
[17.747s] running install_lib
[17.992s] copying /home/yamashita/serial_ws/build/ros_serial/build/lib/ros_serial/serial.py -> /home/yamashita/serial_ws/install/ros_serial/lib/python3.10/site-packages/ros_serial
[17.999s] byte-compiling /home/yamashita/serial_ws/install/ros_serial/lib/python3.10/site-packages/ros_serial/serial.py to serial.cpython-310.pyc
[18.004s] running install_data
[18.249s] copying resource/ros_serial -> /home/yamashita/serial_ws/install/ros_serial/share/ament_index/resource_index/packages
[18.251s] copying package.xml -> /home/yamashita/serial_ws/install/ros_serial/share/ros_serial
[18.254s] running install_egg_info
[18.508s] removing '/home/yamashita/serial_ws/install/ros_serial/lib/python3.10/site-packages/ros_serial-0.0.0-py3.10.egg-info' (and everything under it)
[18.512s] Copying ../../build/ros_serial/ros_serial.egg-info to /home/yamashita/serial_ws/install/ros_serial/lib/python3.10/site-packages/ros_serial-0.0.0-py3.10.egg-info
[18.527s] running install_scripts
[20.938s] Installing talker script to /home/yamashita/serial_ws/install/ros_serial/lib/ros_serial
[20.942s] writing list of installed files to '/home/yamashita/serial_ws/build/ros_serial/install.log'
[21.327s] Invoked command in '/home/yamashita/serial_ws/src/ros_serial' returned '0': PYTHONPATH=/home/yamashita/serial_ws/build/ros_serial/prefix_override:/home/yamashita/serial_ws/install/ros_serial/lib/python3.10/site-packages:${PYTHONPATH} /usr/bin/python3 setup.py egg_info --egg-base ../../build/ros_serial build --build-base /home/yamashita/serial_ws/build/ros_serial/build install --record /home/yamashita/serial_ws/build/ros_serial/install.log --single-version-externally-managed
